0 info it worked if it ends with ok
1 verbose cli [ 'C:\\Program Files\\nodejs\\node.exe',
1 verbose cli   'C:\\Program Files\\nodejs\\node_modules\\npm\\bin\\npm-cli.js',
1 verbose cli   'publish' ]
2 info using npm@3.3.12
3 info using node@v5.2.0
4 verbose publish [ '.' ]
5 silly cache add args [ '.', null ]
6 verbose cache add spec .
7 silly cache add parsed spec Result {
7 silly cache add   raw: '.',
7 silly cache add   scope: null,
7 silly cache add   name: null,
7 silly cache add   rawSpec: '.',
7 silly cache add   spec: 'D:\\vue-state',
7 silly cache add   type: 'directory' }
8 verbose addLocalDirectory C:\Users\steven\AppData\Roaming\npm-cache\vue-flow\0.2.2\package.tgz not in flight; packing
9 info lifecycle vue-flow@0.2.2~prepublish: vue-flow@0.2.2
10 silly lifecycle vue-flow@0.2.2~prepublish: no script for prepublish, continuing
11 verbose tar pack [ 'C:\\Users\\steven\\AppData\\Roaming\\npm-cache\\vue-flow\\0.2.2\\package.tgz',
11 verbose tar pack   'D:\\vue-state' ]
12 verbose tarball C:\Users\steven\AppData\Roaming\npm-cache\vue-flow\0.2.2\package.tgz
13 verbose folder D:\vue-state
14 verbose addLocalTarball adding from inside cache C:\Users\steven\AppData\Roaming\npm-cache\vue-flow\0.2.2\package.tgz
15 silly cache afterAdd vue-flow@0.2.2
16 verbose afterAdd C:\Users\steven\AppData\Roaming\npm-cache\vue-flow\0.2.2\package\package.json not in flight; writing
17 verbose afterAdd C:\Users\steven\AppData\Roaming\npm-cache\vue-flow\0.2.2\package\package.json written
18 silly publish { name: 'vue-flow',
18 silly publish   version: '0.2.2',
18 silly publish   description: 'To make the state of application managed and processed as data flow.',
18 silly publish   main: 'vue-flow.js',
18 silly publish   author: { name: 'steven chen', email: '522702986@qq.com' },
18 silly publish   license: 'MIT',
18 silly publish   scripts: { test: 'echo "Error: no test specified" && exit 1' },
18 silly publish   readme: '# vue-flow\r\n\r\nTo make the state of application managed and processed as "Data Flow".\r\n',
18 silly publish   readmeFilename: 'README.md',
18 silly publish   gitHead: '11a13c80c0b830148e536a617db1f482197cc028',
18 silly publish   _id: 'vue-flow@0.2.2',
18 silly publish   _shasum: '037f79d42ba1c7fbcaf9f33d866652cb715c4c7f',
18 silly publish   _from: '.' }
19 verbose getPublishConfig undefined
20 silly mapToRegistry name vue-flow
21 silly mapToRegistry using default registry
22 silly mapToRegistry registry https://registry.npmjs.org/
23 silly mapToRegistry uri https://registry.npmjs.org/vue-flow
24 verbose publish registryBase https://registry.npmjs.org/
25 silly publish uploading C:\Users\steven\AppData\Roaming\npm-cache\vue-flow\0.2.2\package.tgz
26 verbose request uri https://registry.npmjs.org/vue-flow
27 verbose request sending authorization for write operation
28 info attempt registry request try #1 at 22:08:24
29 verbose request using bearer token for auth
30 verbose request id cfeb7f664be1ab4d
31 http request PUT https://registry.npmjs.org/vue-flow
32 http 403 https://registry.npmjs.org/vue-flow
33 verbose headers { 'content-type': 'application/json',
33 verbose headers   'cache-control': 'max-age=300',
33 verbose headers   'content-length': '95',
33 verbose headers   'accept-ranges': 'bytes',
33 verbose headers   date: 'Fri, 12 Aug 2016 14:08:35 GMT',
33 verbose headers   via: '1.1 varnish',
33 verbose headers   connection: 'keep-alive',
33 verbose headers   'x-served-by': 'cache-hkg6824-HKG',
33 verbose headers   'x-cache': 'MISS',
33 verbose headers   'x-cache-hits': '0',
33 verbose headers   'x-timer': 'S1471010908.799278,VS0,VE6291',
33 verbose headers   vary: 'Accept-Encoding' }
34 verbose request invalidating C:\Users\steven\AppData\Roaming\npm-cache\registry.npmjs.org\vue-flow on PUT
35 error publish Failed PUT 403
36 verbose stack Error: "You cannot publish over the previously published version 0.2.2." : vue-flow
36 verbose stack     at makeError (C:\Program Files\nodejs\node_modules\npm\node_modules\npm-registry-client\lib\request.js:264:12)
36 verbose stack     at CachingRegistryClient.<anonymous> (C:\Program Files\nodejs\node_modules\npm\node_modules\npm-registry-client\lib\request.js:252:14)
36 verbose stack     at Request._callback (C:\Program Files\nodejs\node_modules\npm\node_modules\npm-registry-client\lib\request.js:172:14)
36 verbose stack     at Request.self.callback (C:\Program Files\nodejs\node_modules\npm\node_modules\request\request.js:198:22)
36 verbose stack     at emitTwo (events.js:88:13)
36 verbose stack     at Request.emit (events.js:173:7)
36 verbose stack     at Request.<anonymous> (C:\Program Files\nodejs\node_modules\npm\node_modules\request\request.js:1082:10)
36 verbose stack     at emitOne (events.js:83:20)
36 verbose stack     at Request.emit (events.js:170:7)
36 verbose stack     at IncomingMessage.<anonymous> (C:\Program Files\nodejs\node_modules\npm\node_modules\request\request.js:1009:12)
37 verbose statusCode 403
38 verbose pkgid vue-flow
39 verbose cwd D:\vue-state
40 error Windows_NT 10.0.10586
41 error argv "C:\\Program Files\\nodejs\\node.exe" "C:\\Program Files\\nodejs\\node_modules\\npm\\bin\\npm-cli.js" "publish"
42 error node v5.2.0
43 error npm  v3.3.12
44 error code E403
45 error "You cannot publish over the previously published version 0.2.2." : vue-flow
46 error If you need help, you may report this error at:
46 error     <https://github.com/npm/npm/issues>
47 verbose exit [ 1, true ]
